<?xml version="1.0" encoding="UTF-8"?>
<testsuite xmlns:xsi="http://www.w3.org/2001/XMLSchema-instance" xsi:noNamespaceSchemaLocation="https://maven.apache.org/surefire/maven-surefire-plugin/xsd/surefire-test-report-3.0.xsd" version="3.0" name="ecomerce.dados.test.iniciandocomjpa.ConsultandoRegistroTest" time="1.702" tests="2" errors="0" skipped="0" failures="0">
  <properties>
[...]
</properties>
  <testcase name="buscar_por_identificador" classname="ecomerce.dados.test.iniciandocomjpa.ConsultandoRegistroTest" time="0.078">
    <system-out><![CDATA[Hibernate: 
    drop table if exists Produto
Hibernate: 
    create table Produto (
        id integer not null,
        preco decimal(38,2),
        nome varchar(255),
        primary key (id)
    ) engine=InnoDB
Hibernate: insert into Produto (id,nome,preco) values (1,"Kindle", 600.0)
Hibernate: 
    select
        p1_0.id,
        p1_0.nome,
        p1_0.preco 
    from
        Produto p1_0 
    where
        p1_0.id=?
]]></system-out>
    <system-err><![CDATA[jul. 22, 2024 5:27:51 PM org.hibernate.jpa.internal.util.LogHelper logPersistenceUnitInformation
INFO: HHH000204: Processing PersistenceUnitInfo [name: Ecommerce-PU]
jul. 22, 2024 5:27:51 PM org.hibernate.Version logVersion
INFO: HHH000412: Hibernate ORM core version 6.5.2.Final
jul. 22, 2024 5:27:51 PM org.hibernate.cache.internal.RegionFactoryInitiator initiateService
INFO: HHH000026: Second-level cache disabled
jul. 22, 2024 5:27:51 PM org.hibernate.engine.jdbc.connections.internal.DriverManagerConnectionProviderImpl configure
WARN: HHH10001002: Using built-in connection pool (not intended for production use)
jul. 22, 2024 5:27:51 PM org.hibernate.engine.jdbc.connections.internal.DriverManagerConnectionProviderImpl buildCreator
INFO: HHH10001005: Loaded JDBC driver class: com.mysql.cj.jdbc.Driver
jul. 22, 2024 5:27:51 PM org.hibernate.engine.jdbc.connections.internal.DriverManagerConnectionProviderImpl buildCreator
INFO: HHH10001012: Connecting with JDBC URL [jdbc:mysql://localhost/ecommerce?createDatabaseIfNotExist=true&useTimezone=true&serverTimezone=UTC]
jul. 22, 2024 5:27:51 PM org.hibernate.engine.jdbc.connections.internal.DriverManagerConnectionProviderImpl buildCreator
INFO: HHH10001001: Connection properties: {password=****, user=root}
jul. 22, 2024 5:27:51 PM org.hibernate.engine.jdbc.connections.internal.DriverManagerConnectionProviderImpl buildCreator
INFO: HHH10001003: Autocommit mode: false
jul. 22, 2024 5:27:51 PM org.hibernate.engine.jdbc.connections.internal.DriverManagerConnectionProviderImpl$PooledConnections <init>
INFO: HHH10001115: Connection pool size: 20 (min=1)
jul. 22, 2024 5:27:51 PM org.hibernate.engine.jdbc.dialect.internal.DialectFactoryImpl constructDialect
WARN: HHH90000025: MySQLDialect does not need to be specified explicitly using 'hibernate.dialect' (remove the property setting and it will be selected by default)
jul. 22, 2024 5:27:52 PM org.hibernate.engine.transaction.jta.platform.internal.JtaPlatformInitiator initiateService
INFO: HHH000489: No JTA platform available (set 'hibernate.transaction.jta.platform' to enable JTA platform integration)
jul. 22, 2024 5:27:52 PM org.hibernate.resource.transaction.backend.jdbc.internal.DdlTransactionIsolatorNonJtaImpl getIsolatedConnection
INFO: HHH10001501: Connection obtained from JdbcConnectionAccess [org.hibernate.engine.jdbc.env.internal.JdbcEnvironmentInitiator$ConnectionProviderJdbcConnectionAccess@40c8067] for (non-JTA) DDL execution was not in auto-commit mode; the Connection 'local transaction' will be committed and the Connection will be set into auto-commit mode.
jul. 22, 2024 5:27:52 PM org.hibernate.resource.transaction.backend.jdbc.internal.DdlTransactionIsolatorNonJtaImpl getIsolatedConnection
INFO: HHH10001501: Connection obtained from JdbcConnectionAccess [org.hibernate.engine.jdbc.env.internal.JdbcEnvironmentInitiator$ConnectionProviderJdbcConnectionAccess@5627cb29] for (non-JTA) DDL execution was not in auto-commit mode; the Connection 'local transaction' will be committed and the Connection will be set into auto-commit mode.
]]></system-err>
  </testcase>
  <testcase name="atualizar_referencias" classname="ecomerce.dados.test.iniciandocomjpa.ConsultandoRegistroTest" time="0.015">
    <system-out><![CDATA[Hibernate: 
    select
        p1_0.id,
        p1_0.nome,
        p1_0.preco 
    from
        Produto p1_0 
    where
        p1_0.id=?
Hibernate: 
    select
        p1_0.id,
        p1_0.nome,
        p1_0.preco 
    from
        Produto p1_0 
    where
        p1_0.id=?
]]></system-out>
  </testcase>
</testsuite>